SF:lib/src/common/exceptions.dart
DA:4,1
DA:6,0
DA:7,0
DA:11,1
DA:13,0
DA:14,0
DA:18,1
DA:20,0
DA:21,0
DA:25,0
DA:27,0
DA:28,0
DA:32,0
DA:34,0
DA:35,0
LF:15
LH:3
end_of_record
SF:lib/src/core/cloner.dart
DA:1,2
DA:2,2
DA:3,0
DA:4,2
DA:5,2
DA:6,2
DA:7,0
DA:14,10
DA:18,0
DA:19,0
DA:20,0
DA:26,0
LF:12
LH:6
end_of_record
SF:lib/src/core/table.dart
DA:16,8
DA:18,8
DA:19,16
DA:22,8
DA:23,8
DA:24,8
DA:25,8
DA:29,8
DA:30,16
DA:31,16
DA:32,8
DA:34,4
DA:35,2
DA:38,2
DA:40,1
DA:41,1
DA:42,3
DA:43,1
DA:48,0
DA:49,0
DA:53,0
DA:55,0
DA:56,0
DA:61,1
DA:66,8
DA:69,24
DA:71,24
DA:72,8
DA:73,16
DA:74,16
DA:77,8
DA:78,16
DA:79,8
DA:82,3
DA:83,3
DA:84,3
DA:85,3
DA:86,6
DA:87,6
DA:88,6
DA:93,8
DA:94,9
DA:95,8
DA:96,8
DA:97,8
DA:98,8
DA:99,16
DA:100,8
DA:101,8
DA:102,8
DA:103,8
DA:104,16
DA:106,16
DA:107,16
DA:108,8
DA:113,3
DA:114,3
DA:115,12
DA:116,6
DA:117,6
DA:119,3
DA:122,5
DA:123,5
DA:124,10
DA:125,12
DA:126,4
DA:132,3
DA:133,3
DA:134,6
DA:137,2
DA:138,2
DA:139,4
DA:142,2
DA:143,2
DA:144,4
DA:147,2
DA:148,2
DA:149,4
DA:150,2
DA:151,4
DA:152,2
DA:156,3
DA:157,3
DA:158,3
DA:159,9
DA:160,3
DA:161,3
DA:162,3
DA:163,3
DA:169,0
DA:170,0
DA:171,0
DA:172,0
DA:173,0
DA:174,0
DA:181,2
DA:184,4
DA:186,2
DA:189,8
DA:190,2
DA:191,2
DA:196,2
DA:197,2
DA:198,2
DA:199,2
DA:200,2
DA:202,2
DA:208,2
DA:215,2
DA:217,1
DA:218,4
DA:224,2
DA:227,2
DA:228,2
DA:229,2
DA:230,6
DA:231,4
DA:235,2
DA:236,2
DA:237,2
DA:241,2
DA:242,2
DA:243,2
DA:244,2
DA:245,2
DA:248,1
DA:249,1
DA:253,2
DA:254,2
DA:259,2
DA:260,1
DA:261,1
DA:262,1
DA:263,2
DA:266,1
DA:267,2
DA:271,1
DA:272,1
DA:277,2
DA:278,2
DA:280,1
DA:281,3
DA:283,2
DA:284,2
DA:285,4
DA:286,2
DA:290,1
DA:291,2
DA:296,2
DA:297,2
DA:298,2
DA:299,1
DA:300,1
DA:301,1
DA:302,3
DA:304,2
DA:305,1
DA:308,2
DA:310,1
DA:311,2
DA:317,2
DA:318,1
DA:319,1
DA:320,1
DA:321,1
DA:322,1
DA:323,1
DA:326,1
DA:328,1
DA:329,2
DA:335,2
DA:336,2
DA:339,1
DA:340,3
DA:342,2
DA:344,4
DA:345,4
DA:351,2
DA:352,4
DA:353,2
DA:357,1
DA:359,1
DA:360,2
DA:370,2
DA:373,3
DA:374,3
DA:375,2
DA:376,1
DA:377,3
DA:381,3
DA:382,3
DA:383,3
DA:384,3
DA:389,8
DA:392,2
DA:396,2
DA:398,4
DA:399,0
DA:402,2
DA:403,2
DA:405,6
DA:406,2
DA:409,2
DA:411,4
DA:412,4
DA:413,2
DA:414,2
DA:419,2
DA:420,4
DA:421,4
DA:422,4
DA:429,1
DA:430,1
DA:431,1
DA:433,3
DA:435,2
DA:436,2
DA:437,1
DA:438,1
DA:442,1
DA:443,1
DA:446,2
DA:447,2
DA:450,2
DA:451,2
DA:452,2
DA:459,1
DA:460,1
DA:461,1
DA:462,1
DA:465,1
DA:467,2
DA:468,2
DA:469,2
DA:470,1
DA:474,1
DA:475,1
DA:478,2
DA:479,2
DA:480,2
DA:487,1
DA:488,1
DA:489,2
DA:492,3
DA:493,1
DA:494,1
DA:500,1
DA:501,1
DA:502,2
DA:505,1
DA:506,1
DA:507,2
DA:509,3
DA:510,1
DA:517,0
DA:521,0
DA:522,0
DA:524,0
DA:526,0
DA:528,0
DA:530,0
DA:531,0
DA:532,0
DA:535,0
DA:536,0
DA:537,0
DA:538,0
DA:539,0
DA:541,0
DA:545,0
DA:546,0
DA:547,0
DA:548,0
DA:554,0
DA:555,0
DA:561,0
DA:563,0
DA:564,0
DA:565,0
DA:566,0
DA:567,0
DA:570,0
DA:571,0
LF:283
LH:242
end_of_record
SF:lib/src/core/tinydb.dart
DA:14,5
DA:16,5
DA:17,5
DA:18,1
DA:20,10
DA:21,2
DA:23,10
DA:24,10
DA:29,2
DA:31,1
DA:32,1
DA:35,2
DA:36,2
DA:37,1
DA:40,1
DA:41,1
DA:42,1
DA:44,2
DA:45,2
DA:48,1
DA:49,1
DA:50,1
DA:52,3
DA:54,2
DA:55,1
DA:56,1
DA:57,2
DA:58,2
DA:64,1
DA:65,1
DA:66,1
DA:68,3
DA:69,2
DA:72,1
DA:73,1
DA:74,1
DA:76,2
DA:79,1
DA:80,1
DA:81,1
DA:83,2
DA:86,1
DA:87,1
DA:88,1
DA:90,2
DA:93,1
DA:94,1
DA:95,1
DA:97,2
DA:100,1
DA:101,1
DA:102,1
DA:104,2
DA:107,1
DA:108,1
DA:109,1
DA:111,2
DA:114,1
DA:115,1
DA:116,1
DA:118,2
DA:121,1
DA:122,1
DA:123,1
DA:125,2
LF:65
LH:65
end_of_record
SF:lib/src/operations/operations.dart
DA:17,2
DA:19,0
DA:21,0
DA:27,2
DA:29,6
DA:31,2
DA:32,2
DA:33,0
DA:35,8
DA:39,2
DA:40,2
DA:41,0
DA:43,4
DA:44,4
DA:49,2
DA:50,2
DA:51,0
DA:53,8
DA:57,2
DA:58,2
DA:59,0
DA:61,8
DA:65,2
DA:66,2
DA:67,0
DA:71,4
DA:72,4
DA:77,1
DA:78,1
DA:79,0
DA:83,2
DA:84,2
DA:89,1
DA:90,1
DA:91,0
DA:94,4
DA:98,2
DA:99,2
DA:100,0
DA:104,4
DA:105,4
LF:41
LH:31
end_of_record
SF:lib/src/querying/query.dart
DA:20,10
DA:25,6
DA:27,12
DA:28,12
DA:29,6
DA:30,3
DA:42,3
DA:43,3
DA:44,2
DA:45,1
DA:46,1
DA:49,6
DA:52,1
DA:53,1
DA:54,2
DA:55,1
DA:56,1
DA:59,2
DA:62,1
DA:63,1
DA:72,1
DA:73,1
DA:74,2
DA:76,1
DA:78,2
DA:81,2
DA:82,2
DA:85,1
DA:89,2
DA:90,2
DA:97,1
DA:100,1
DA:101,3
DA:102,3
DA:105,1
DA:106,1
DA:107,2
DA:108,2
DA:116,1
DA:119,1
DA:120,1
DA:122,1
DA:124,2
DA:125,2
DA:128,2
DA:132,1
DA:133,2
DA:134,1
DA:141,1
DA:144,1
DA:146,3
DA:147,1
DA:148,1
DA:149,1
DA:155,1
DA:156,1
DA:157,2
DA:158,2
DA:167,1
DA:173,1
DA:175,2
DA:176,2
DA:182,1
DA:183,1
DA:186,2
DA:188,1
DA:189,2
DA:191,3
DA:194,1
DA:197,1
DA:199,2
DA:202,1
DA:209,1
DA:212,1
DA:215,1
DA:216,3
DA:217,3
DA:218,3
DA:221,1
DA:222,1
DA:223,2
DA:224,1
DA:225,1
DA:232,3
DA:233,3
DA:234,6
DA:235,0
DA:239,3
DA:241,6
DA:242,3
DA:247,1
DA:250,1
DA:251,3
DA:254,1
DA:255,2
DA:260,1
DA:261,1
DA:262,2
DA:263,0
DA:267,1
DA:269,2
DA:270,1
DA:275,1
DA:278,1
DA:279,3
DA:282,1
DA:283,2
DA:296,6
DA:308,6
DA:310,12
DA:311,12
DA:314,2
DA:317,2
DA:319,10
DA:320,8
DA:321,10
DA:324,6
DA:325,6
DA:326,6
DA:327,6
DA:330,2
DA:333,4
DA:334,6
DA:337,2
DA:339,2
DA:340,2
DA:341,2
DA:342,2
DA:349,3
DA:351,2
DA:353,4
DA:355,9
DA:356,2
DA:357,2
DA:358,1
DA:363,2
DA:364,6
DA:369,1
DA:372,1
DA:373,5
DA:374,4
DA:375,5
DA:380,1
DA:383,2
DA:384,3
DA:392,1
DA:394,1
DA:396,2
DA:399,1
DA:402,1
DA:403,3
DA:406,1
DA:407,4
DA:413,6
DA:415,6
DA:416,6
DA:417,0
DA:420,12
DA:423,0
DA:424,0
DA:426,6
DA:427,6
DA:428,6
DA:429,5
DA:430,5
DA:431,5
DA:438,1
DA:439,1
DA:440,1
DA:441,1
DA:442,1
DA:443,1
DA:450,3
DA:451,6
DA:454,1
DA:455,3
DA:458,1
DA:459,3
DA:460,1
DA:465,1
DA:466,3
DA:467,1
DA:472,3
DA:477,3
DA:478,3
DA:479,3
DA:480,6
DA:483,3
DA:490,3
DA:491,3
DA:493,6
DA:498,3
DA:499,3
DA:501,4
DA:506,1
DA:507,1
DA:509,2
DA:514,1
DA:515,1
DA:517,2
DA:522,2
DA:523,2
DA:524,2
DA:525,2
DA:526,4
DA:529,2
DA:530,2
DA:531,2
DA:539,1
DA:540,1
DA:541,1
DA:542,1
DA:543,2
DA:546,1
DA:547,1
DA:555,2
DA:556,6
DA:557,2
DA:559,2
DA:566,1
DA:567,2
DA:570,1
DA:571,2
DA:574,1
DA:575,1
DA:576,1
DA:582,1
DA:583,2
DA:587,6
DA:588,6
LF:230
LH:225
end_of_record
SF:lib/src/storages/json_storage.dart
DA:19,1
DA:24,1
DA:26,1
DA:27,1
DA:28,2
DA:29,1
DA:30,1
DA:32,1
DA:33,0
DA:34,0
DA:35,0
DA:42,1
DA:44,3
DA:45,2
DA:48,1
DA:52,2
DA:53,1
DA:57,1
DA:58,1
DA:61,2
DA:63,2
DA:66,1
DA:67,0
DA:68,1
DA:69,1
DA:70,3
DA:76,1
DA:78,3
DA:79,1
DA:81,2
DA:84,4
DA:85,1
DA:86,1
DA:88,1
DA:92,1
DA:93,4
DA:94,1
DA:95,1
DA:96,3
DA:102,1
DA:104,3
DA:107,1
DA:108,3
DA:109,2
DA:111,1
DA:112,1
DA:114,0
DA:115,0
LF:48
LH:42
end_of_record
SF:lib/src/storages/memory_storage.dart
DA:9,9
DA:11,9
DA:16,18
DA:19,9
DA:21,9
DA:22,18
DA:25,9
DA:27,9
DA:28,18
DA:31,2
DA:33,2
DA:36,1
DA:37,1
DA:38,1
LF:14
LH:14
end_of_record
